2014-08-09 20:39:40,037 - Mock Version: 1.1.41
2014-08-09 20:39:40,048 - Start: device setup
2014-08-09 20:39:40,051 - Finish: device setup
2014-08-09 20:39:40,051 - Start: yum update
2014-08-09 20:41:21,150 - Finish: yum update
2014-08-09 20:41:21,456 - Finish: lock buildroot
2014-08-09 20:41:21,456 - Finish: chroot init
2014-08-09 20:41:21,526 - Finish: run
2014-08-09 20:41:25,080 - Mock Version: 1.1.41
2014-08-09 20:41:25,091 - Start: device setup
2014-08-09 20:41:25,094 - Finish: device setup
2014-08-09 20:41:25,094 - Start: yum update
2014-08-09 20:41:25,104 - Finish: yum update
2014-08-09 20:41:25,675 - Finish: lock buildroot
2014-08-09 20:41:25,675 - Finish: chroot init
2014-08-09 20:41:25,745 - Start: build phase for netty-3.6.5-1.el7.centos.src.rpm
2014-08-09 20:41:25,746 - Start: device setup
2014-08-09 20:41:25,749 - Finish: device setup
2014-08-09 20:41:25,759 - Start: build setup for netty-3.6.5-1.el7.centos.src.rpm
2014-08-09 20:44:53,502 - Finish: build setup for netty-3.6.5-1.el7.centos.src.rpm
2014-08-09 20:44:53,502 - Start: rpmbuild -bb netty-3.6.5-1.el7.centos.src.rpm
2014-08-09 20:45:44,320 - Finish: rpmbuild -bb netty-3.6.5-1.el7.centos.src.rpm
2014-08-09 20:45:44,336 - Finish: build phase for netty-3.6.5-1.el7.centos.src.rpm
2014-08-09 20:45:44,336 - Finish: run
