Mock Version: 1.1.41
Mock Version: 1.1.41
ENTER do(['bash', '--login', '-c', 'rpmbuild -bs --target noarch --nodeps builddir/build/SPECS/objenesis.spec'], False, '/var/lib/mock/el7-build-189-108/root/', None, 86400, True, False, 996, 135, None, False, {'LANG': 'en_US.UTF-8', 'TERM': 'vt100', 'SHELL': '/bin/bash', 'HOSTNAME': 'mock', 'PROMPT_COMMAND': 'echo -n "<mock-chroot>"', 'HOME': '/builddir', 'PATH': '/usr/bin:/bin:/usr/sbin:/sbin'}, logger=<mockbuild.trace_decorator.getLog object at 0xf08e10>)
Executing command: ['bash', '--login', '-c', 'rpmbuild -bs --target noarch --nodeps builddir/build/SPECS/objenesis.spec'] with env {'LANG': 'en_US.UTF-8', 'TERM': 'vt100', 'SHELL': '/bin/bash', 'HOSTNAME': 'mock', 'PROMPT_COMMAND': 'echo -n "<mock-chroot>"', 'HOME': '/builddir', 'PATH': '/usr/bin:/bin:/usr/sbin:/sbin'}
warning: Could not canonicalize hostname: syseng01.internal.chango.com
Building target platforms: noarch
Building for target noarch
Wrote: /builddir/build/SRPMS/objenesis-1.2-13.el7.centos.src.rpm
Child return code was: 0
LEAVE do --> 

ENTER do(['bash', '--login', '-c', 'rpmbuild -bb --target noarch --nodeps  builddir/build/SPECS/objenesis.spec'], False, '/var/lib/mock/el7-build-189-108/root/', None, 86400, True, False, 996, 135, None, False, {'LANG': 'en_US.UTF-8', 'TERM': 'vt100', 'SHELL': '/bin/bash', 'HOSTNAME': 'mock', 'PROMPT_COMMAND': 'echo -n "<mock-chroot>"', 'HOME': '/builddir', 'PATH': '/usr/bin:/bin:/usr/sbin:/sbin'}, logger=<mockbuild.trace_decorator.getLog object at 0xf08e10>)
Executing command: ['bash', '--login', '-c', 'rpmbuild -bb --target noarch --nodeps  builddir/build/SPECS/objenesis.spec'] with env {'LANG': 'en_US.UTF-8', 'TERM': 'vt100', 'SHELL': '/bin/bash', 'HOSTNAME': 'mock', 'PROMPT_COMMAND': 'echo -n "<mock-chroot>"', 'HOME': '/builddir', 'PATH': '/usr/bin:/bin:/usr/sbin:/sbin'}
Building target platforms: noarch
Building for target noarch
Executing(%prep): /bin/sh -e /var/tmp/rpm-tmp.Rpl5iB
+ umask 022
+ cd /builddir/build/BUILD
+ cd /builddir/build/BUILD
+ rm -rf objenesis-1.2
+ /usr/bin/xz -dc /builddir/build/SOURCES/objenesis-1.2.tar.xz
+ /usr/bin/tar -xf -
+ STATUS=0
+ '[' 0 -ne 0 ']'
+ cd objenesis-1.2
+ /usr/bin/chmod -Rf a+rX,u+w,g-w,o-w .
+ echo 'Patch #1 (001-objenesis-fix-build.patch):'
Patch #1 (001-objenesis-fix-build.patch):
+ /usr/bin/cat /builddir/build/SOURCES/001-objenesis-fix-build.patch
+ /usr/bin/patch -p1 --fuzz=0
patching file main/pom.xml
patching file pom.xml
patching file tck/pom.xml
+ echo 'Patch #2 (JRockitInstantntiatorCharacters.patch):'
Patch #2 (JRockitInstantntiatorCharacters.patch):
+ /usr/bin/cat /builddir/build/SOURCES/JRockitInstantntiatorCharacters.patch
+ /usr/bin/patch -p2 --fuzz=0
patching file main/src/org/objenesis/instantiator/jrockit/JRockit131Instantiator.java
patching file main/src/org/objenesis/instantiator/jrockit/JRockitLegacyInstantiator.java
+ exit 0
Executing(%build): /bin/sh -e /var/tmp/rpm-tmp.htN3lV
+ umask 022
+ cd /builddir/build/BUILD
+ cd objenesis-1.2
+ mvn-rpmbuild -e -Dyear=2009 -Dmaven.test.skip=true install javadoc:javadoc
***************************************************************
* WARNING!  mvn-rpmbuild is deprecated and it will be removed *
* in future.  Users should migrate to using %mvn_build macro  *
* or call XMvn directly if greater flexibility is required.   *
***************************************************************
[INFO] Error stacktraces are turned on.
[INFO] Scanning for projects...
[WARNING] 
[WARNING] Some problems were encountered while building the effective model for org.objenesis:objenesis:jar:1.2
[WARNING] 'build.plugins.plugin.version' for org.apache.maven.plugins:maven-javadoc-plugin is missing. @ org.objenesis:objenesis-parent:1.2, /builddir/build/BUILD/objenesis-1.2/pom.xml, line 138, column 15
[WARNING] 'build.plugins.plugin.version' for org.apache.maven.plugins:maven-compiler-plugin is missing. @ org.objenesis:objenesis-parent:1.2, /builddir/build/BUILD/objenesis-1.2/pom.xml, line 105, column 15
[WARNING] 'build.plugins.plugin.version' for org.apache.maven.plugins:maven-site-plugin is missing. @ org.objenesis:objenesis-parent:1.2, /builddir/build/BUILD/objenesis-1.2/pom.xml, line 150, column 15
[WARNING] 'build.plugins.plugin.version' for org.apache.maven.plugins:maven-jar-plugin is missing. @ org.objenesis:objenesis-parent:1.2, /builddir/build/BUILD/objenesis-1.2/pom.xml, line 124, column 15
[WARNING] 'build.plugins.plugin.version' for org.apache.maven.plugins:maven-source-plugin is missing. @ org.objenesis:objenesis-parent:1.2, /builddir/build/BUILD/objenesis-1.2/pom.xml, line 112, column 15
[WARNING] 
[WARNING] Some problems were encountered while building the effective model for org.objenesis:objenesis-tck:jar:1.2
[WARNING] 'build.plugins.plugin.version' for org.apache.maven.plugins:maven-javadoc-plugin is missing. @ line 77, column 15
[WARNING] 'build.plugins.plugin.version' for org.apache.maven.plugins:maven-compiler-plugin is missing. @ org.objenesis:objenesis-parent:1.2, /builddir/build/BUILD/objenesis-1.2/pom.xml, line 105, column 15
[WARNING] 'build.plugins.plugin.version' for org.apache.maven.plugins:maven-site-plugin is missing. @ org.objenesis:objenesis-parent:1.2, /builddir/build/BUILD/objenesis-1.2/pom.xml, line 150, column 15
[WARNING] 'build.plugins.plugin.version' for org.apache.maven.plugins:maven-jar-plugin is missing. @ line 53, column 15
[WARNING] 'build.plugins.plugin.version' for org.apache.maven.plugins:maven-source-plugin is missing. @ org.objenesis:objenesis-parent:1.2, /builddir/build/BUILD/objenesis-1.2/pom.xml, line 112, column 15
[WARNING] 
[WARNING] Some problems were encountered while building the effective model for org.objenesis:objenesis-parent:pom:1.2
[WARNING] 'build.plugins.plugin.version' for org.apache.maven.plugins:maven-javadoc-plugin is missing. @ line 138, column 15
[WARNING] 'build.plugins.plugin.version' for org.apache.maven.plugins:maven-compiler-plugin is missing. @ line 105, column 15
[WARNING] 'build.plugins.plugin.version' for org.apache.maven.plugins:maven-site-plugin is missing. @ line 150, column 15
[WARNING] 'build.plugins.plugin.version' for org.apache.maven.plugins:maven-jar-plugin is missing. @ line 124, column 15
[WARNING] 'build.plugins.plugin.version' for org.apache.maven.plugins:maven-source-plugin is missing. @ line 112, column 15
[WARNING] 
[WARNING] It is highly recommended to fix these problems because they threaten the stability of your build.
[WARNING] 
[WARNING] For this reason, future Maven versions might no longer support building such malformed projects.
[WARNING] 
[INFO] ------------------------------------------------------------------------
[INFO] Reactor Build Order:
[INFO] 
[INFO] Objenesis parent project
[INFO] Objenesis
[INFO] Objenesis TCK
[INFO]                                                                         
[INFO] ------------------------------------------------------------------------
[INFO] Building Objenesis parent project 1.2
[INFO] ------------------------------------------------------------------------
[INFO] 
[INFO] >>> maven-source-plugin:2.2.1:jar (attach-sources) @ objenesis-parent >>>
[INFO] 
[INFO] <<< maven-source-plugin:2.2.1:jar (attach-sources) @ objenesis-parent <<<
[INFO] 
[INFO] --- maven-source-plugin:2.2.1:jar (attach-sources) @ objenesis-parent ---
[INFO] 
[INFO] --- maven-javadoc-plugin:2.9:jar (attach-javadocs) @ objenesis-parent ---
[INFO] Not executing Javadoc as the project is not a Java classpath-capable package
[INFO] 
[INFO] --- maven-install-plugin:2.4:install (default-install) @ objenesis-parent ---
[INFO] Installing /builddir/build/BUILD/objenesis-1.2/pom.xml to /builddir/build/BUILD/objenesis-1.2/.m2/org/objenesis/objenesis-parent/1.2/objenesis-parent-1.2.pom
[INFO] 
[INFO] >>> maven-javadoc-plugin:2.9:javadoc (default-cli) @ objenesis-parent >>>
[INFO] 
[INFO] <<< maven-javadoc-plugin:2.9:javadoc (default-cli) @ objenesis-parent <<<
[INFO] 
[INFO] --- maven-javadoc-plugin:2.9:javadoc (default-cli) @ objenesis-parent ---
[INFO]                                                                         
[INFO] ------------------------------------------------------------------------
[INFO] Building Objenesis 1.2
[INFO] ------------------------------------------------------------------------
[INFO] 
[INFO] --- maven-timestamp-plugin:1.1-SNAPSHOT:create (year) @ objenesis ---
[INFO] 
[INFO] --- maven-remote-resources-plugin:1.4:process (default) @ objenesis ---
[INFO] 
[INFO] --- maven-resources-plugin:2.6:resources (default-resources) @ objenesis ---
[WARNING] Using platform encoding (ANSI_X3.4-1968 actually) to copy filtered resources, i.e. build is platform dependent!
[INFO] Copying 0 resource
[INFO] Copying 5 resources
[INFO] 
[INFO] --- maven-compiler-plugin:3.1:compile (default-compile) @ objenesis ---
[INFO] Changes detected - recompiling the module!
[WARNING] File encoding has not been set, using platform encoding ANSI_X3.4-1968, i.e. build is platform dependent!
[INFO] Compiling 30 source files to /builddir/build/BUILD/objenesis-1.2/main/target/classes
[WARNING] /builddir/build/BUILD/objenesis-1.2/main/src/org/objenesis/instantiator/sun/SunReflectionFactorySerializationInstantiator.java:[25,19] sun.reflect.ReflectionFactory is internal proprietary API and may be removed in a future release
[WARNING] /builddir/build/BUILD/objenesis-1.2/main/src/org/objenesis/instantiator/sun/SunReflectionFactoryInstantiator.java:[23,19] sun.reflect.ReflectionFactory is internal proprietary API and may be removed in a future release
[WARNING] /builddir/build/BUILD/objenesis-1.2/main/src/org/objenesis/instantiator/sun/SunReflectionFactorySerializationInstantiator.java:[44,7] sun.reflect.ReflectionFactory is internal proprietary API and may be removed in a future release
[WARNING] /builddir/build/BUILD/objenesis-1.2/main/src/org/objenesis/instantiator/sun/SunReflectionFactorySerializationInstantiator.java:[44,45] sun.reflect.ReflectionFactory is internal proprietary API and may be removed in a future release
[WARNING] /builddir/build/BUILD/objenesis-1.2/main/src/org/objenesis/instantiator/sun/SunReflectionFactoryInstantiator.java:[40,7] sun.reflect.ReflectionFactory is internal proprietary API and may be removed in a future release
[WARNING] /builddir/build/BUILD/objenesis-1.2/main/src/org/objenesis/instantiator/sun/SunReflectionFactoryInstantiator.java:[40,45] sun.reflect.ReflectionFactory is internal proprietary API and may be removed in a future release
[WARNING] /builddir/build/BUILD/objenesis-1.2/main/src/org/objenesis/instantiator/perc/PercSerializationInstantiator.java: Some input files use unchecked or unsafe operations.
[WARNING] /builddir/build/BUILD/objenesis-1.2/main/src/org/objenesis/instantiator/perc/PercSerializationInstantiator.java: Recompile with -Xlint:unchecked for details.
[INFO] 
[INFO] --- maven-resources-plugin:2.6:testResources (default-testResources) @ objenesis ---
[INFO] Not copying test resources
[INFO] 
[INFO] --- maven-compiler-plugin:3.1:testCompile (default-testCompile) @ objenesis ---
[INFO] Not compiling test sources
[INFO] 
[INFO] --- maven-surefire-plugin:2.15:test (default-test) @ objenesis ---
[INFO] Tests are skipped.
[INFO] 
[INFO] --- maven-bundle-plugin:2.3.7:manifest (bundle-manifest) @ objenesis ---
[WARNING] Manifest org.objenesis:objenesis:jar:1.2 : Did not find matching referal for org.objenesis.*
[INFO] 
[INFO] --- maven-jar-plugin:2.4:jar (default-jar) @ objenesis ---
[INFO] Adding existing MANIFEST to archive. Found under: /builddir/build/BUILD/objenesis-1.2/main/target/classes/META-INF/MANIFEST.MF
[INFO] Building jar: /builddir/build/BUILD/objenesis-1.2/main/target/objenesis-1.2.jar
[INFO] 
[INFO] >>> maven-source-plugin:2.2.1:jar (attach-sources) @ objenesis >>>
[INFO] 
[INFO] --- maven-timestamp-plugin:1.1-SNAPSHOT:create (year) @ objenesis ---
[INFO] 
[INFO] <<< maven-source-plugin:2.2.1:jar (attach-sources) @ objenesis <<<
[INFO] 
[INFO] --- maven-source-plugin:2.2.1:jar (attach-sources) @ objenesis ---
[INFO] Building jar: /builddir/build/BUILD/objenesis-1.2/main/target/objenesis-1.2-sources.jar
[INFO] 
[INFO] --- maven-javadoc-plugin:2.9:jar (attach-javadocs) @ objenesis ---
[WARNING] Source files encoding has not been set, using platform encoding ANSI_X3.4-1968, i.e. build is platform dependent!
[INFO] 
Loading source files for package org.objenesis...
Loading source files for package org.objenesis.strategy...
Loading source files for package org.objenesis.instantiator.gcj...
Loading source files for package org.objenesis.instantiator...
Loading source files for package org.objenesis.instantiator.basic...
Loading source files for package org.objenesis.instantiator.jrockit...
Loading source files for package org.objenesis.instantiator.perc...
Loading source files for package org.objenesis.instantiator.sun...
Constructing Javadoc information...
Standard Doclet version 1.7.0_51
Building tree for all the packages and classes...
Generating /builddir/build/BUILD/objenesis-1.2/main/target/apidocs/org/objenesis/Objenesis.html...
Generating /builddir/build/BUILD/objenesis-1.2/main/target/apidocs/org/objenesis/ObjenesisBase.html...
Generating /builddir/build/BUILD/objenesis-1.2/main/target/apidocs/org/objenesis/ObjenesisException.html...
Generating /builddir/build/BUILD/objenesis-1.2/main/target/apidocs/org/objenesis/ObjenesisHelper.html...
Generating /builddir/build/BUILD/objenesis-1.2/main/target/apidocs/org/objenesis/ObjenesisSerializer.html...
Generating /builddir/build/BUILD/objenesis-1.2/main/target/apidocs/org/objenesis/ObjenesisStd.html...
Generating /builddir/build/BUILD/objenesis-1.2/main/target/apidocs/org/objenesis/strategy/BaseInstantiatorStrategy.html...
Generating /builddir/build/BUILD/objenesis-1.2/main/target/apidocs/org/objenesis/strategy/InstantiatorStrategy.html...
Generating /builddir/build/BUILD/objenesis-1.2/main/target/apidocs/org/objenesis/strategy/SerializingInstantiatorStrategy.html...
Generating /builddir/build/BUILD/objenesis-1.2/main/target/apidocs/org/objenesis/strategy/StdInstantiatorStrategy.html...
Generating /builddir/build/BUILD/objenesis-1.2/main/target/apidocs/org/objenesis/instantiator/gcj/GCJInstantiator.html...
Generating /builddir/build/BUILD/objenesis-1.2/main/target/apidocs/org/objenesis/instantiator/gcj/GCJInstantiatorBase.html...
Generating /builddir/build/BUILD/objenesis-1.2/main/target/apidocs/org/objenesis/instantiator/gcj/GCJSerializationInstantiator.html...
Generating /builddir/build/BUILD/objenesis-1.2/main/target/apidocs/org/objenesis/instantiator/NullInstantiator.html...
Generating /builddir/build/BUILD/objenesis-1.2/main/target/apidocs/org/objenesis/instantiator/ObjectInstantiator.html...
Generating /builddir/build/BUILD/objenesis-1.2/main/target/apidocs/org/objenesis/instantiator/SerializationInstantiatorHelper.html...
Generating /builddir/build/BUILD/objenesis-1.2/main/target/apidocs/org/objenesis/instantiator/basic/AccessibleInstantiator.html...
Generating /builddir/build/BUILD/objenesis-1.2/main/target/apidocs/org/objenesis/instantiator/basic/ConstructorInstantiator.html...
Generating /builddir/build/BUILD/objenesis-1.2/main/target/apidocs/org/objenesis/instantiator/basic/NewInstanceInstantiator.html...
Generating /builddir/build/BUILD/objenesis-1.2/main/target/apidocs/org/objenesis/instantiator/basic/ObjectInputStreamInstantiator.html...
Generating /builddir/build/BUILD/objenesis-1.2/main/target/apidocs/org/objenesis/instantiator/basic/ObjectStreamClassInstantiator.html...
Generating /builddir/build/BUILD/objenesis-1.2/main/target/apidocs/org/objenesis/instantiator/jrockit/JRockit131Instantiator.html...
Generating /builddir/build/BUILD/objenesis-1.2/main/target/apidocs/org/objenesis/instantiator/jrockit/JRockitLegacyInstantiator.html...
Generating /builddir/build/BUILD/objenesis-1.2/main/target/apidocs/org/objenesis/instantiator/perc/PercInstantiator.html...
Generating /builddir/build/BUILD/objenesis-1.2/main/target/apidocs/org/objenesis/instantiator/perc/PercSerializationInstantiator.html...
Generating /builddir/build/BUILD/objenesis-1.2/main/target/apidocs/org/objenesis/instantiator/sun/Sun13Instantiator.html...
Generating /builddir/build/BUILD/objenesis-1.2/main/target/apidocs/org/objenesis/instantiator/sun/Sun13InstantiatorBase.html...
Generating /builddir/build/BUILD/objenesis-1.2/main/target/apidocs/org/objenesis/instantiator/sun/Sun13SerializationInstantiator.html...
Generating /builddir/build/BUILD/objenesis-1.2/main/target/apidocs/org/objenesis/instantiator/sun/SunReflectionFactoryInstantiator.html...
Generating /builddir/build/BUILD/objenesis-1.2/main/target/apidocs/org/objenesis/instantiator/sun/SunReflectionFactorySerializationInstantiator.html...
Generating /builddir/build/BUILD/objenesis-1.2/main/target/apidocs/overview-frame.html...
Generating /builddir/build/BUILD/objenesis-1.2/main/target/apidocs/org/objenesis/package-frame.html...
Generating /builddir/build/BUILD/objenesis-1.2/main/target/apidocs/org/objenesis/package-summary.html...
Generating /builddir/build/BUILD/objenesis-1.2/main/target/apidocs/org/objenesis/package-tree.html...
Generating /builddir/build/BUILD/objenesis-1.2/main/target/apidocs/org/objenesis/instantiator/package-frame.html...
Generating /builddir/build/BUILD/objenesis-1.2/main/target/apidocs/org/objenesis/instantiator/package-summary.html...
Generating /builddir/build/BUILD/objenesis-1.2/main/target/apidocs/org/objenesis/instantiator/package-tree.html...
Generating /builddir/build/BUILD/objenesis-1.2/main/target/apidocs/org/objenesis/instantiator/basic/package-frame.html...
Generating /builddir/build/BUILD/objenesis-1.2/main/target/apidocs/org/objenesis/instantiator/basic/package-summary.html...
Generating /builddir/build/BUILD/objenesis-1.2/main/target/apidocs/org/objenesis/instantiator/basic/package-tree.html...
Generating /builddir/build/BUILD/objenesis-1.2/main/target/apidocs/org/objenesis/instantiator/gcj/package-frame.html...
Generating /builddir/build/BUILD/objenesis-1.2/main/target/apidocs/org/objenesis/instantiator/gcj/package-summary.html...
Generating /builddir/build/BUILD/objenesis-1.2/main/target/apidocs/org/objenesis/instantiator/gcj/package-tree.html...
Generating /builddir/build/BUILD/objenesis-1.2/main/target/apidocs/org/objenesis/instantiator/jrockit/package-frame.html...
Generating /builddir/build/BUILD/objenesis-1.2/main/target/apidocs/org/objenesis/instantiator/jrockit/package-summary.html...
Generating /builddir/build/BUILD/objenesis-1.2/main/target/apidocs/org/objenesis/instantiator/jrockit/package-tree.html...
Generating /builddir/build/BUILD/objenesis-1.2/main/target/apidocs/org/objenesis/instantiator/perc/package-frame.html...
Generating /builddir/build/BUILD/objenesis-1.2/main/target/apidocs/org/objenesis/instantiator/perc/package-summary.html...
Generating /builddir/build/BUILD/objenesis-1.2/main/target/apidocs/org/objenesis/instantiator/perc/package-tree.html...
Generating /builddir/build/BUILD/objenesis-1.2/main/target/apidocs/org/objenesis/instantiator/sun/package-frame.html...
Generating /builddir/build/BUILD/objenesis-1.2/main/target/apidocs/org/objenesis/instantiator/sun/package-summary.html...
Generating /builddir/build/BUILD/objenesis-1.2/main/target/apidocs/org/objenesis/instantiator/sun/package-tree.html...
Generating /builddir/build/BUILD/objenesis-1.2/main/target/apidocs/org/objenesis/strategy/package-frame.html...
Generating /builddir/build/BUILD/objenesis-1.2/main/target/apidocs/org/objenesis/strategy/package-summary.html...
Generating /builddir/build/BUILD/objenesis-1.2/main/target/apidocs/org/objenesis/strategy/package-tree.html...
Generating /builddir/build/BUILD/objenesis-1.2/main/target/apidocs/constant-values.html...
Generating /builddir/build/BUILD/objenesis-1.2/main/target/apidocs/serialized-form.html...
Generating /builddir/build/BUILD/objenesis-1.2/main/target/apidocs/org/objenesis/class-use/ObjenesisSerializer.html...
Generating /builddir/build/BUILD/objenesis-1.2/main/target/apidocs/org/objenesis/class-use/ObjenesisStd.html...
Generating /builddir/build/BUILD/objenesis-1.2/main/target/apidocs/org/objenesis/class-use/ObjenesisBase.html...
Generating /builddir/build/BUILD/objenesis-1.2/main/target/apidocs/org/objenesis/class-use/ObjenesisException.html...
Generating /builddir/build/BUILD/objenesis-1.2/main/target/apidocs/org/objenesis/class-use/Objenesis.html...
Generating /builddir/build/BUILD/objenesis-1.2/main/target/apidocs/org/objenesis/class-use/ObjenesisHelper.html...
Generating /builddir/build/BUILD/objenesis-1.2/main/target/apidocs/org/objenesis/strategy/class-use/SerializingInstantiatorStrategy.html...
Generating /builddir/build/BUILD/objenesis-1.2/main/target/apidocs/org/objenesis/strategy/class-use/BaseInstantiatorStrategy.html...
Generating /builddir/build/BUILD/objenesis-1.2/main/target/apidocs/org/objenesis/strategy/class-use/StdInstantiatorStrategy.html...
Generating /builddir/build/BUILD/objenesis-1.2/main/target/apidocs/org/objenesis/strategy/class-use/InstantiatorStrategy.html...
Generating /builddir/build/BUILD/objenesis-1.2/main/target/apidocs/org/objenesis/instantiator/gcj/class-use/GCJSerializationInstantiator.html...
Generating /builddir/build/BUILD/objenesis-1.2/main/target/apidocs/org/objenesis/instantiator/gcj/class-use/GCJInstantiatorBase.html...
Generating /builddir/build/BUILD/objenesis-1.2/main/target/apidocs/org/objenesis/instantiator/gcj/class-use/GCJInstantiator.html...
Generating /builddir/build/BUILD/objenesis-1.2/main/target/apidocs/org/objenesis/instantiator/class-use/NullInstantiator.html...
Generating /builddir/build/BUILD/objenesis-1.2/main/target/apidocs/org/objenesis/instantiator/class-use/SerializationInstantiatorHelper.html...
Generating /builddir/build/BUILD/objenesis-1.2/main/target/apidocs/org/objenesis/instantiator/class-use/ObjectInstantiator.html...
Generating /builddir/build/BUILD/objenesis-1.2/main/target/apidocs/org/objenesis/instantiator/basic/class-use/AccessibleInstantiator.html...
Generating /builddir/build/BUILD/objenesis-1.2/main/target/apidocs/org/objenesis/instantiator/basic/class-use/ConstructorInstantiator.html...
Generating /builddir/build/BUILD/objenesis-1.2/main/target/apidocs/org/objenesis/instantiator/basic/class-use/ObjectInputStreamInstantiator.html...
Generating /builddir/build/BUILD/objenesis-1.2/main/target/apidocs/org/objenesis/instantiator/basic/class-use/NewInstanceInstantiator.html...
Generating /builddir/build/BUILD/objenesis-1.2/main/target/apidocs/org/objenesis/instantiator/basic/class-use/ObjectStreamClassInstantiator.html...
Generating /builddir/build/BUILD/objenesis-1.2/main/target/apidocs/org/objenesis/instantiator/jrockit/class-use/JRockit131Instantiator.html...
Generating /builddir/build/BUILD/objenesis-1.2/main/target/apidocs/org/objenesis/instantiator/jrockit/class-use/JRockitLegacyInstantiator.html...
Generating /builddir/build/BUILD/objenesis-1.2/main/target/apidocs/org/objenesis/instantiator/perc/class-use/PercInstantiator.html...
Generating /builddir/build/BUILD/objenesis-1.2/main/target/apidocs/org/objenesis/instantiator/perc/class-use/PercSerializationInstantiator.html...
Generating /builddir/build/BUILD/objenesis-1.2/main/target/apidocs/org/objenesis/instantiator/sun/class-use/Sun13Instantiator.html...
Generating /builddir/build/BUILD/objenesis-1.2/main/target/apidocs/org/objenesis/instantiator/sun/class-use/Sun13InstantiatorBase.html...
Generating /builddir/build/BUILD/objenesis-1.2/main/target/apidocs/org/objenesis/instantiator/sun/class-use/Sun13SerializationInstantiator.html...
Generating /builddir/build/BUILD/objenesis-1.2/main/target/apidocs/org/objenesis/instantiator/sun/class-use/SunReflectionFactoryInstantiator.html...
Generating /builddir/build/BUILD/objenesis-1.2/main/target/apidocs/org/objenesis/instantiator/sun/class-use/SunReflectionFactorySerializationInstantiator.html...
Generating /builddir/build/BUILD/objenesis-1.2/main/target/apidocs/org/objenesis/package-use.html...
Generating /builddir/build/BUILD/objenesis-1.2/main/target/apidocs/org/objenesis/instantiator/package-use.html...
Generating /builddir/build/BUILD/objenesis-1.2/main/target/apidocs/org/objenesis/instantiator/basic/package-use.html...
Generating /builddir/build/BUILD/objenesis-1.2/main/target/apidocs/org/objenesis/instantiator/gcj/package-use.html...
Generating /builddir/build/BUILD/objenesis-1.2/main/target/apidocs/org/objenesis/instantiator/jrockit/package-use.html...
Generating /builddir/build/BUILD/objenesis-1.2/main/target/apidocs/org/objenesis/instantiator/perc/package-use.html...
Generating /builddir/build/BUILD/objenesis-1.2/main/target/apidocs/org/objenesis/instantiator/sun/package-use.html...
Generating /builddir/build/BUILD/objenesis-1.2/main/target/apidocs/org/objenesis/strategy/package-use.html...
Building index for all the packages and classes...
Generating /builddir/build/BUILD/objenesis-1.2/main/target/apidocs/overview-tree.html...
Generating /builddir/build/BUILD/objenesis-1.2/main/target/apidocs/index-all.html...
Generating /builddir/build/BUILD/objenesis-1.2/main/target/apidocs/deprecated-list.html...
Building index for all classes...
Generating /builddir/build/BUILD/objenesis-1.2/main/target/apidocs/allclasses-frame.html...
Generating /builddir/build/BUILD/objenesis-1.2/main/target/apidocs/allclasses-noframe.html...
Generating /builddir/build/BUILD/objenesis-1.2/main/target/apidocs/index.html...
Generating /builddir/build/BUILD/objenesis-1.2/main/target/apidocs/overview-summary.html...
Generating /builddir/build/BUILD/objenesis-1.2/main/target/apidocs/help-doc.html...
2 warnings
[WARNING] Javadoc Warnings
[WARNING] /builddir/build/BUILD/objenesis-1.2/main/src/org/objenesis/instantiator/sun/SunReflectionFactoryInstantiator.java:23: warning: ReflectionFactory is internal proprietary API and may be removed in a future release
[WARNING] import sun.reflect.ReflectionFactory;
[WARNING] ^
[WARNING] /builddir/build/BUILD/objenesis-1.2/main/src/org/objenesis/instantiator/sun/SunReflectionFactorySerializationInstantiator.java:25: warning: ReflectionFactory is internal proprietary API and may be removed in a future release
[WARNING] import sun.reflect.ReflectionFactory;
[WARNING] ^
[INFO] Building jar: /builddir/build/BUILD/objenesis-1.2/main/target/objenesis-1.2-javadoc.jar
[INFO] 
[INFO] --- maven-license-plugin:1.8.0:check (check) @ objenesis ---
[INFO] Checking licenses...
[WARNING] Property 'strictChecking' is not enabled. Please consider adding <strictChecking>true</strictChecking> in your pom.xml file.
[WARNING] See http://code.google.com/p/maven-license-plugin/wiki/Configuration for more information.
[INFO] 
[INFO] --- maven-install-plugin:2.4:install (default-install) @ objenesis ---
[INFO] Installing /builddir/build/BUILD/objenesis-1.2/main/target/objenesis-1.2.jar to /builddir/build/BUILD/objenesis-1.2/.m2/org/objenesis/objenesis/1.2/objenesis-1.2.jar
[INFO] Installing /builddir/build/BUILD/objenesis-1.2/main/pom.xml to /builddir/build/BUILD/objenesis-1.2/.m2/org/objenesis/objenesis/1.2/objenesis-1.2.pom
[INFO] Installing /builddir/build/BUILD/objenesis-1.2/main/target/objenesis-1.2-sources.jar to /builddir/build/BUILD/objenesis-1.2/.m2/org/objenesis/objenesis/1.2/objenesis-1.2-sources.jar
[INFO] Installing /builddir/build/BUILD/objenesis-1.2/main/target/objenesis-1.2-javadoc.jar to /builddir/build/BUILD/objenesis-1.2/.m2/org/objenesis/objenesis/1.2/objenesis-1.2-javadoc.jar
[INFO] 
[INFO] >>> maven-javadoc-plugin:2.9:javadoc (default-cli) @ objenesis >>>
[INFO] 
[INFO] --- maven-timestamp-plugin:1.1-SNAPSHOT:create (year) @ objenesis ---
[INFO] 
[INFO] <<< maven-javadoc-plugin:2.9:javadoc (default-cli) @ objenesis <<<
[INFO] 
[INFO] --- maven-javadoc-plugin:2.9:javadoc (default-cli) @ objenesis ---
[WARNING] Source files encoding has not been set, using platform encoding ANSI_X3.4-1968, i.e. build is platform dependent!
[INFO] 
Loading source files for package org.objenesis...
Loading source files for package org.objenesis.strategy...
Loading source files for package org.objenesis.instantiator.gcj...
Loading source files for package org.objenesis.instantiator...
Loading source files for package org.objenesis.instantiator.basic...
Loading source files for package org.objenesis.instantiator.jrockit...
Loading source files for package org.objenesis.instantiator.perc...
Loading source files for package org.objenesis.instantiator.sun...
Constructing Javadoc information...
Standard Doclet version 1.7.0_51
Building tree for all the packages and classes...
Generating /builddir/build/BUILD/objenesis-1.2/main/target/site/apidocs/org/objenesis/Objenesis.html...
Generating /builddir/build/BUILD/objenesis-1.2/main/target/site/apidocs/org/objenesis/ObjenesisBase.html...
Generating /builddir/build/BUILD/objenesis-1.2/main/target/site/apidocs/org/objenesis/ObjenesisException.html...
Generating /builddir/build/BUILD/objenesis-1.2/main/target/site/apidocs/org/objenesis/ObjenesisHelper.html...
Generating /builddir/build/BUILD/objenesis-1.2/main/target/site/apidocs/org/objenesis/ObjenesisSerializer.html...
Generating /builddir/build/BUILD/objenesis-1.2/main/target/site/apidocs/org/objenesis/ObjenesisStd.html...
Generating /builddir/build/BUILD/objenesis-1.2/main/target/site/apidocs/org/objenesis/strategy/BaseInstantiatorStrategy.html...
Generating /builddir/build/BUILD/objenesis-1.2/main/target/site/apidocs/org/objenesis/strategy/InstantiatorStrategy.html...
Generating /builddir/build/BUILD/objenesis-1.2/main/target/site/apidocs/org/objenesis/strategy/SerializingInstantiatorStrategy.html...
Generating /builddir/build/BUILD/objenesis-1.2/main/target/site/apidocs/org/objenesis/strategy/StdInstantiatorStrategy.html...
Generating /builddir/build/BUILD/objenesis-1.2/main/target/site/apidocs/org/objenesis/instantiator/gcj/GCJInstantiator.html...
Generating /builddir/build/BUILD/objenesis-1.2/main/target/site/apidocs/org/objenesis/instantiator/gcj/GCJInstantiatorBase.html...
Generating /builddir/build/BUILD/objenesis-1.2/main/target/site/apidocs/org/objenesis/instantiator/gcj/GCJSerializationInstantiator.html...
Generating /builddir/build/BUILD/objenesis-1.2/main/target/site/apidocs/org/objenesis/instantiator/NullInstantiator.html...
Generating /builddir/build/BUILD/objenesis-1.2/main/target/site/apidocs/org/objenesis/instantiator/ObjectInstantiator.html...
Generating /builddir/build/BUILD/objenesis-1.2/main/target/site/apidocs/org/objenesis/instantiator/SerializationInstantiatorHelper.html...
Generating /builddir/build/BUILD/objenesis-1.2/main/target/site/apidocs/org/objenesis/instantiator/basic/AccessibleInstantiator.html...
Generating /builddir/build/BUILD/objenesis-1.2/main/target/site/apidocs/org/objenesis/instantiator/basic/ConstructorInstantiator.html...
Generating /builddir/build/BUILD/objenesis-1.2/main/target/site/apidocs/org/objenesis/instantiator/basic/NewInstanceInstantiator.html...
Generating /builddir/build/BUILD/objenesis-1.2/main/target/site/apidocs/org/objenesis/instantiator/basic/ObjectInputStreamInstantiator.html...
Generating /builddir/build/BUILD/objenesis-1.2/main/target/site/apidocs/org/objenesis/instantiator/basic/ObjectStreamClassInstantiator.html...
Generating /builddir/build/BUILD/objenesis-1.2/main/target/site/apidocs/org/objenesis/instantiator/jrockit/JRockit131Instantiator.html...
Generating /builddir/build/BUILD/objenesis-1.2/main/target/site/apidocs/org/objenesis/instantiator/jrockit/JRockitLegacyInstantiator.html...
Generating /builddir/build/BUILD/objenesis-1.2/main/target/site/apidocs/org/objenesis/instantiator/perc/PercInstantiator.html...
Generating /builddir/build/BUILD/objenesis-1.2/main/target/site/apidocs/org/objenesis/instantiator/perc/PercSerializationInstantiator.html...
Generating /builddir/build/BUILD/objenesis-1.2/main/target/site/apidocs/org/objenesis/instantiator/sun/Sun13Instantiator.html...
Generating /builddir/build/BUILD/objenesis-1.2/main/target/site/apidocs/org/objenesis/instantiator/sun/Sun13InstantiatorBase.html...
Generating /builddir/build/BUILD/objenesis-1.2/main/target/site/apidocs/org/objenesis/instantiator/sun/Sun13SerializationInstantiator.html...
Generating /builddir/build/BUILD/objenesis-1.2/main/target/site/apidocs/org/objenesis/instantiator/sun/SunReflectionFactoryInstantiator.html...
Generating /builddir/build/BUILD/objenesis-1.2/main/target/site/apidocs/org/objenesis/instantiator/sun/SunReflectionFactorySerializationInstantiator.html...
Generating /builddir/build/BUILD/objenesis-1.2/main/target/site/apidocs/overview-frame.html...
Generating /builddir/build/BUILD/objenesis-1.2/main/target/site/apidocs/org/objenesis/package-frame.html...
Generating /builddir/build/BUILD/objenesis-1.2/main/target/site/apidocs/org/objenesis/package-summary.html...
Generating /builddir/build/BUILD/objenesis-1.2/main/target/site/apidocs/org/objenesis/package-tree.html...
Generating /builddir/build/BUILD/objenesis-1.2/main/target/site/apidocs/org/objenesis/instantiator/package-frame.html...
Generating /builddir/build/BUILD/objenesis-1.2/main/target/site/apidocs/org/objenesis/instantiator/package-summary.html...
Generating /builddir/build/BUILD/objenesis-1.2/main/target/site/apidocs/org/objenesis/instantiator/package-tree.html...
Generating /builddir/build/BUILD/objenesis-1.2/main/target/site/apidocs/org/objenesis/instantiator/basic/package-frame.html...
Generating /builddir/build/BUILD/objenesis-1.2/main/target/site/apidocs/org/objenesis/instantiator/basic/package-summary.html...
Generating /builddir/build/BUILD/objenesis-1.2/main/target/site/apidocs/org/objenesis/instantiator/basic/package-tree.html...
Generating /builddir/build/BUILD/objenesis-1.2/main/target/site/apidocs/org/objenesis/instantiator/gcj/package-frame.html...
Generating /builddir/build/BUILD/objenesis-1.2/main/target/site/apidocs/org/objenesis/instantiator/gcj/package-summary.html...
Generating /builddir/build/BUILD/objenesis-1.2/main/target/site/apidocs/org/objenesis/instantiator/gcj/package-tree.html...
Generating /builddir/build/BUILD/objenesis-1.2/main/target/site/apidocs/org/objenesis/instantiator/jrockit/package-frame.html...
Generating /builddir/build/BUILD/objenesis-1.2/main/target/site/apidocs/org/objenesis/instantiator/jrockit/package-summary.html...
Generating /builddir/build/BUILD/objenesis-1.2/main/target/site/apidocs/org/objenesis/instantiator/jrockit/package-tree.html...
Generating /builddir/build/BUILD/objenesis-1.2/main/target/site/apidocs/org/objenesis/instantiator/perc/package-frame.html...
Generating /builddir/build/BUILD/objenesis-1.2/main/target/site/apidocs/org/objenesis/instantiator/perc/package-summary.html...
Generating /builddir/build/BUILD/objenesis-1.2/main/target/site/apidocs/org/objenesis/instantiator/perc/package-tree.html...
Generating /builddir/build/BUILD/objenesis-1.2/main/target/site/apidocs/org/objenesis/instantiator/sun/package-frame.html...
Generating /builddir/build/BUILD/objenesis-1.2/main/target/site/apidocs/org/objenesis/instantiator/sun/package-summary.html...
Generating /builddir/build/BUILD/objenesis-1.2/main/target/site/apidocs/org/objenesis/instantiator/sun/package-tree.html...
Generating /builddir/build/BUILD/objenesis-1.2/main/target/site/apidocs/org/objenesis/strategy/package-frame.html...
Generating /builddir/build/BUILD/objenesis-1.2/main/target/site/apidocs/org/objenesis/strategy/package-summary.html...
Generating /builddir/build/BUILD/objenesis-1.2/main/target/site/apidocs/org/objenesis/strategy/package-tree.html...
Generating /builddir/build/BUILD/objenesis-1.2/main/target/site/apidocs/constant-values.html...
Generating /builddir/build/BUILD/objenesis-1.2/main/target/site/apidocs/serialized-form.html...
Generating /builddir/build/BUILD/objenesis-1.2/main/target/site/apidocs/org/objenesis/class-use/ObjenesisSerializer.html...
Generating /builddir/build/BUILD/objenesis-1.2/main/target/site/apidocs/org/objenesis/class-use/ObjenesisStd.html...
Generating /builddir/build/BUILD/objenesis-1.2/main/target/site/apidocs/org/objenesis/class-use/ObjenesisBase.html...
Generating /builddir/build/BUILD/objenesis-1.2/main/target/site/apidocs/org/objenesis/class-use/ObjenesisException.html...
Generating /builddir/build/BUILD/objenesis-1.2/main/target/site/apidocs/org/objenesis/class-use/Objenesis.html...
Generating /builddir/build/BUILD/objenesis-1.2/main/target/site/apidocs/org/objenesis/class-use/ObjenesisHelper.html...
Generating /builddir/build/BUILD/objenesis-1.2/main/target/site/apidocs/org/objenesis/strategy/class-use/SerializingInstantiatorStrategy.html...
Generating /builddir/build/BUILD/objenesis-1.2/main/target/site/apidocs/org/objenesis/strategy/class-use/BaseInstantiatorStrategy.html...
Generating /builddir/build/BUILD/objenesis-1.2/main/target/site/apidocs/org/objenesis/strategy/class-use/StdInstantiatorStrategy.html...
Generating /builddir/build/BUILD/objenesis-1.2/main/target/site/apidocs/org/objenesis/strategy/class-use/InstantiatorStrategy.html...
Generating /builddir/build/BUILD/objenesis-1.2/main/target/site/apidocs/org/objenesis/instantiator/gcj/class-use/GCJSerializationInstantiator.html...
Generating /builddir/build/BUILD/objenesis-1.2/main/target/site/apidocs/org/objenesis/instantiator/gcj/class-use/GCJInstantiatorBase.html...
Generating /builddir/build/BUILD/objenesis-1.2/main/target/site/apidocs/org/objenesis/instantiator/gcj/class-use/GCJInstantiator.html...
Generating /builddir/build/BUILD/objenesis-1.2/main/target/site/apidocs/org/objenesis/instantiator/class-use/NullInstantiator.html...
Generating /builddir/build/BUILD/objenesis-1.2/main/target/site/apidocs/org/objenesis/instantiator/class-use/SerializationInstantiatorHelper.html...
Generating /builddir/build/BUILD/objenesis-1.2/main/target/site/apidocs/org/objenesis/instantiator/class-use/ObjectInstantiator.html...
Generating /builddir/build/BUILD/objenesis-1.2/main/target/site/apidocs/org/objenesis/instantiator/basic/class-use/AccessibleInstantiator.html...
Generating /builddir/build/BUILD/objenesis-1.2/main/target/site/apidocs/org/objenesis/instantiator/basic/class-use/ConstructorInstantiator.html...
Generating /builddir/build/BUILD/objenesis-1.2/main/target/site/apidocs/org/objenesis/instantiator/basic/class-use/ObjectInputStreamInstantiator.html...
Generating /builddir/build/BUILD/objenesis-1.2/main/target/site/apidocs/org/objenesis/instantiator/basic/class-use/NewInstanceInstantiator.html...
Generating /builddir/build/BUILD/objenesis-1.2/main/target/site/apidocs/org/objenesis/instantiator/basic/class-use/ObjectStreamClassInstantiator.html...
Generating /builddir/build/BUILD/objenesis-1.2/main/target/site/apidocs/org/objenesis/instantiator/jrockit/class-use/JRockit131Instantiator.html...
Generating /builddir/build/BUILD/objenesis-1.2/main/target/site/apidocs/org/objenesis/instantiator/jrockit/class-use/JRockitLegacyInstantiator.html...
Generating /builddir/build/BUILD/objenesis-1.2/main/target/site/apidocs/org/objenesis/instantiator/perc/class-use/PercInstantiator.html...
Generating /builddir/build/BUILD/objenesis-1.2/main/target/site/apidocs/org/objenesis/instantiator/perc/class-use/PercSerializationInstantiator.html...
Generating /builddir/build/BUILD/objenesis-1.2/main/target/site/apidocs/org/objenesis/instantiator/sun/class-use/Sun13Instantiator.html...
Generating /builddir/build/BUILD/objenesis-1.2/main/target/site/apidocs/org/objenesis/instantiator/sun/class-use/Sun13InstantiatorBase.html...
Generating /builddir/build/BUILD/objenesis-1.2/main/target/site/apidocs/org/objenesis/instantiator/sun/class-use/Sun13SerializationInstantiator.html...
Generating /builddir/build/BUILD/objenesis-1.2/main/target/site/apidocs/org/objenesis/instantiator/sun/class-use/SunReflectionFactoryInstantiator.html...
Generating /builddir/build/BUILD/objenesis-1.2/main/target/site/apidocs/org/objenesis/instantiator/sun/class-use/SunReflectionFactorySerializationInstantiator.html...
Generating /builddir/build/BUILD/objenesis-1.2/main/target/site/apidocs/org/objenesis/package-use.html...
Generating /builddir/build/BUILD/objenesis-1.2/main/target/site/apidocs/org/objenesis/instantiator/package-use.html...
Generating /builddir/build/BUILD/objenesis-1.2/main/target/site/apidocs/org/objenesis/instantiator/basic/package-use.html...
Generating /builddir/build/BUILD/objenesis-1.2/main/target/site/apidocs/org/objenesis/instantiator/gcj/package-use.html...
Generating /builddir/build/BUILD/objenesis-1.2/main/target/site/apidocs/org/objenesis/instantiator/jrockit/package-use.html...
Generating /builddir/build/BUILD/objenesis-1.2/main/target/site/apidocs/org/objenesis/instantiator/perc/package-use.html...
Generating /builddir/build/BUILD/objenesis-1.2/main/target/site/apidocs/org/objenesis/instantiator/sun/package-use.html...
Generating /builddir/build/BUILD/objenesis-1.2/main/target/site/apidocs/org/objenesis/strategy/package-use.html...
Building index for all the packages and classes...
Generating /builddir/build/BUILD/objenesis-1.2/main/target/site/apidocs/overview-tree.html...
Generating /builddir/build/BUILD/objenesis-1.2/main/target/site/apidocs/index-all.html...
Generating /builddir/build/BUILD/objenesis-1.2/main/target/site/apidocs/deprecated-list.html...
Building index for all classes...
Generating /builddir/build/BUILD/objenesis-1.2/main/target/site/apidocs/allclasses-frame.html...
Generating /builddir/build/BUILD/objenesis-1.2/main/target/site/apidocs/allclasses-noframe.html...
Generating /builddir/build/BUILD/objenesis-1.2/main/target/site/apidocs/index.html...
Generating /builddir/build/BUILD/objenesis-1.2/main/target/site/apidocs/overview-summary.html...
Generating /builddir/build/BUILD/objenesis-1.2/main/target/site/apidocs/help-doc.html...
2 warnings
[WARNING] Javadoc Warnings
[WARNING] /builddir/build/BUILD/objenesis-1.2/main/src/org/objenesis/instantiator/sun/SunReflectionFactoryInstantiator.java:23: warning: ReflectionFactory is internal proprietary API and may be removed in a future release
[WARNING] import sun.reflect.ReflectionFactory;
[WARNING] ^
[WARNING] /builddir/build/BUILD/objenesis-1.2/main/src/org/objenesis/instantiator/sun/SunReflectionFactorySerializationInstantiator.java:25: warning: ReflectionFactory is internal proprietary API and may be removed in a future release
[WARNING] import sun.reflect.ReflectionFactory;
[WARNING] ^
[INFO]                                                                         
[INFO] ------------------------------------------------------------------------
[INFO] Building Objenesis TCK 1.2
[INFO] ------------------------------------------------------------------------
[INFO] 
[INFO] --- maven-timestamp-plugin:1.1-SNAPSHOT:create (year) @ objenesis-tck ---
[INFO] 
[INFO] --- maven-remote-resources-plugin:1.4:process (default) @ objenesis-tck ---
[INFO] 
[INFO] --- maven-resources-plugin:2.6:resources (default-resources) @ objenesis-tck ---
[WARNING] Using platform encoding (ANSI_X3.4-1968 actually) to copy filtered resources, i.e. build is platform dependent!
[INFO] Copying 2 resources
[INFO] Copying 5 resources
[INFO] 
[INFO] --- maven-compiler-plugin:3.1:compile (default-compile) @ objenesis-tck ---
[INFO] Changes detected - recompiling the module!
[WARNING] File encoding has not been set, using platform encoding ANSI_X3.4-1968, i.e. build is platform dependent!
[INFO] Compiling 24 source files to /builddir/build/BUILD/objenesis-1.2/tck/target/classes
[WARNING] /builddir/build/BUILD/objenesis-1.2/tck/src/org/objenesis/tck/TCK.java: Some input files use unchecked or unsafe operations.
[WARNING] /builddir/build/BUILD/objenesis-1.2/tck/src/org/objenesis/tck/TCK.java: Recompile with -Xlint:unchecked for details.
[INFO] 
[INFO] --- maven-resources-plugin:2.6:testResources (default-testResources) @ objenesis-tck ---
[INFO] Not copying test resources
[INFO] 
[INFO] --- maven-compiler-plugin:3.1:testCompile (default-testCompile) @ objenesis-tck ---
[INFO] Not compiling test sources
[INFO] 
[INFO] --- maven-surefire-plugin:2.15:test (default-test) @ objenesis-tck ---
[INFO] Tests are skipped.
[INFO] 
[INFO] --- maven-jar-plugin:2.4:jar (default-jar) @ objenesis-tck ---
[INFO] Building jar: /builddir/build/BUILD/objenesis-1.2/tck/target/objenesis-tck-1.2.jar
[INFO] 
[INFO] >>> maven-source-plugin:2.2.1:jar (attach-sources) @ objenesis-tck >>>
[INFO] 
[INFO] --- maven-timestamp-plugin:1.1-SNAPSHOT:create (year) @ objenesis-tck ---
[INFO] 
[INFO] <<< maven-source-plugin:2.2.1:jar (attach-sources) @ objenesis-tck <<<
[INFO] 
[INFO] --- maven-source-plugin:2.2.1:jar (attach-sources) @ objenesis-tck ---
[INFO] Building jar: /builddir/build/BUILD/objenesis-1.2/tck/target/objenesis-tck-1.2-sources.jar
[INFO] 
[INFO] --- maven-shade-plugin:2.0:shade (default) @ objenesis-tck ---
[INFO] Including org.objenesis:objenesis:jar:1.2 in the shaded jar.
[INFO] Replacing original artifact with shaded artifact.
[INFO] Replacing /builddir/build/BUILD/objenesis-1.2/tck/target/objenesis-tck-1.2.jar with /builddir/build/BUILD/objenesis-1.2/tck/target/objenesis-tck-1.2-shaded.jar
[INFO] Dependency-reduced POM written at: /builddir/build/BUILD/objenesis-1.2/tck/dependency-reduced-pom.xml
[INFO] Dependency-reduced POM written at: /builddir/build/BUILD/objenesis-1.2/tck/dependency-reduced-pom.xml
[INFO] 
[INFO] --- maven-javadoc-plugin:2.9:jar (attach-javadocs) @ objenesis-tck ---
[WARNING] Source files encoding has not been set, using platform encoding ANSI_X3.4-1968, i.e. build is platform dependent!
[INFO] 
Loading source files for package org.objenesis.tck...
Loading source files for package org.objenesis.tck.candidates...
Constructing Javadoc information...
Standard Doclet version 1.7.0_51
Building tree for all the packages and classes...
Generating /builddir/build/BUILD/objenesis-1.2/tck/target/apidocs/org/objenesis/tck/CandidateLoader.html...
Generating /builddir/build/BUILD/objenesis-1.2/tck/target/apidocs/org/objenesis/tck/CandidateLoader.ErrorHandler.html...
Generating /builddir/build/BUILD/objenesis-1.2/tck/target/apidocs/org/objenesis/tck/CandidateLoader.LoggingErrorHandler.html...
Generating /builddir/build/BUILD/objenesis-1.2/tck/target/apidocs/org/objenesis/tck/Main.html...
Generating /builddir/build/BUILD/objenesis-1.2/tck/target/apidocs/org/objenesis/tck/Reporter.html...
Generating /builddir/build/BUILD/objenesis-1.2/tck/target/apidocs/org/objenesis/tck/TCK.html...
Generating /builddir/build/BUILD/objenesis-1.2/tck/target/apidocs/org/objenesis/tck/TextReporter.html...
Generating /builddir/build/BUILD/objenesis-1.2/tck/target/apidocs/org/objenesis/tck/candidates/ConstructorThrowingException.html...
Generating /builddir/build/BUILD/objenesis-1.2/tck/target/apidocs/org/objenesis/tck/candidates/ConstructorWithArguments.html...
Generating /builddir/build/BUILD/objenesis-1.2/tck/target/apidocs/org/objenesis/tck/candidates/ConstructorWithMandatoryArguments.html...
Generating /builddir/build/BUILD/objenesis-1.2/tck/target/apidocs/org/objenesis/tck/candidates/DefaultPackageConstructor.html...
Generating /builddir/build/BUILD/objenesis-1.2/tck/target/apidocs/org/objenesis/tck/candidates/DefaultPrivateConstructor.html...
Generating /builddir/build/BUILD/objenesis-1.2/tck/target/apidocs/org/objenesis/tck/candidates/DefaultProtectedConstructor.html...
Generating /builddir/build/BUILD/objenesis-1.2/tck/target/apidocs/org/objenesis/tck/candidates/DefaultPublicConstructor.html...
Generating /builddir/build/BUILD/objenesis-1.2/tck/target/apidocs/org/objenesis/tck/candidates/NoConstructor.html...
Generating /builddir/build/BUILD/objenesis-1.2/tck/target/apidocs/org/objenesis/tck/candidates/SerializableConstructorThrowingException.html...
Generating /builddir/build/BUILD/objenesis-1.2/tck/target/apidocs/org/objenesis/tck/candidates/SerializableConstructorWithArguments.html...
Generating /builddir/build/BUILD/objenesis-1.2/tck/target/apidocs/org/objenesis/tck/candidates/SerializableConstructorWithMandatoryArguments.html...
Generating /builddir/build/BUILD/objenesis-1.2/tck/target/apidocs/org/objenesis/tck/candidates/SerializableDefaultPackageConstructor.html...
Generating /builddir/build/BUILD/objenesis-1.2/tck/target/apidocs/org/objenesis/tck/candidates/SerializableDefaultPrivateConstructor.html...
Generating /builddir/build/BUILD/objenesis-1.2/tck/target/apidocs/org/objenesis/tck/candidates/SerializableDefaultProtectedConstructor.html...
Generating /builddir/build/BUILD/objenesis-1.2/tck/target/apidocs/org/objenesis/tck/candidates/SerializableDefaultPublicConstructor.html...
Generating /builddir/build/BUILD/objenesis-1.2/tck/target/apidocs/org/objenesis/tck/candidates/SerializableNoConstructor.html...
Generating /builddir/build/BUILD/objenesis-1.2/tck/target/apidocs/org/objenesis/tck/candidates/SerializableReplacer.html...
Generating /builddir/build/BUILD/objenesis-1.2/tck/target/apidocs/org/objenesis/tck/candidates/SerializableResolver.html...
Generating /builddir/build/BUILD/objenesis-1.2/tck/target/apidocs/org/objenesis/tck/candidates/SerializableWithAncestorThrowingException.html...
Generating /builddir/build/BUILD/objenesis-1.2/tck/target/apidocs/overview-frame.html...
Generating /builddir/build/BUILD/objenesis-1.2/tck/target/apidocs/org/objenesis/tck/package-frame.html...
Generating /builddir/build/BUILD/objenesis-1.2/tck/target/apidocs/org/objenesis/tck/package-summary.html...
Generating /builddir/build/BUILD/objenesis-1.2/tck/target/apidocs/org/objenesis/tck/package-tree.html...
Generating /builddir/build/BUILD/objenesis-1.2/tck/target/apidocs/org/objenesis/tck/candidates/package-frame.html...
Generating /builddir/build/BUILD/objenesis-1.2/tck/target/apidocs/org/objenesis/tck/candidates/package-summary.html...
Generating /builddir/build/BUILD/objenesis-1.2/tck/target/apidocs/org/objenesis/tck/candidates/package-tree.html...
Generating /builddir/build/BUILD/objenesis-1.2/tck/target/apidocs/constant-values.html...
Generating /builddir/build/BUILD/objenesis-1.2/tck/target/apidocs/serialized-form.html...
Generating /builddir/build/BUILD/objenesis-1.2/tck/target/apidocs/org/objenesis/tck/class-use/TextReporter.html...
Generating /builddir/build/BUILD/objenesis-1.2/tck/target/apidocs/org/objenesis/tck/class-use/CandidateLoader.html...
Generating /builddir/build/BUILD/objenesis-1.2/tck/target/apidocs/org/objenesis/tck/class-use/CandidateLoader.ErrorHandler.html...
Generating /builddir/build/BUILD/objenesis-1.2/tck/target/apidocs/org/objenesis/tck/class-use/CandidateLoader.LoggingErrorHandler.html...
Generating /builddir/build/BUILD/objenesis-1.2/tck/target/apidocs/org/objenesis/tck/class-use/TCK.html...
Generating /builddir/build/BUILD/objenesis-1.2/tck/target/apidocs/org/objenesis/tck/class-use/Reporter.html...
Generating /builddir/build/BUILD/objenesis-1.2/tck/target/apidocs/org/objenesis/tck/class-use/Main.html...
Generating /builddir/build/BUILD/objenesis-1.2/tck/target/apidocs/org/objenesis/tck/candidates/class-use/SerializableDefaultPackageConstructor.html...
Generating /builddir/build/BUILD/objenesis-1.2/tck/target/apidocs/org/objenesis/tck/candidates/class-use/SerializableNoConstructor.html...
Generating /builddir/build/BUILD/objenesis-1.2/tck/target/apidocs/org/objenesis/tck/candidates/class-use/DefaultPrivateConstructor.html...
Generating /builddir/build/BUILD/objenesis-1.2/tck/target/apidocs/org/objenesis/tck/candidates/class-use/DefaultPublicConstructor.html...
Generating /builddir/build/BUILD/objenesis-1.2/tck/target/apidocs/org/objenesis/tck/candidates/class-use/SerializableWithAncestorThrowingException.html...
Generating /builddir/build/BUILD/objenesis-1.2/tck/target/apidocs/org/objenesis/tck/candidates/class-use/SerializableConstructorThrowingException.html...
Generating /builddir/build/BUILD/objenesis-1.2/tck/target/apidocs/org/objenesis/tck/candidates/class-use/SerializableConstructorWithArguments.html...
Generating /builddir/build/BUILD/objenesis-1.2/tck/target/apidocs/org/objenesis/tck/candidates/class-use/ConstructorWithMandatoryArguments.html...
Generating /builddir/build/BUILD/objenesis-1.2/tck/target/apidocs/org/objenesis/tck/candidates/class-use/SerializableDefaultProtectedConstructor.html...
Generating /builddir/build/BUILD/objenesis-1.2/tck/target/apidocs/org/objenesis/tck/candidates/class-use/ConstructorWithArguments.html...
Generating /builddir/build/BUILD/objenesis-1.2/tck/target/apidocs/org/objenesis/tck/candidates/class-use/DefaultProtectedConstructor.html...
Generating /builddir/build/BUILD/objenesis-1.2/tck/target/apidocs/org/objenesis/tck/candidates/class-use/SerializableDefaultPublicConstructor.html...
Generating /builddir/build/BUILD/objenesis-1.2/tck/target/apidocs/org/objenesis/tck/candidates/class-use/SerializableConstructorWithMandatoryArguments.html...
Generating /builddir/build/BUILD/objenesis-1.2/tck/target/apidocs/org/objenesis/tck/candidates/class-use/SerializableDefaultPrivateConstructor.html...
Generating /builddir/build/BUILD/objenesis-1.2/tck/target/apidocs/org/objenesis/tck/candidates/class-use/NoConstructor.html...
Generating /builddir/build/BUILD/objenesis-1.2/tck/target/apidocs/org/objenesis/tck/candidates/class-use/DefaultPackageConstructor.html...
Generating /builddir/build/BUILD/objenesis-1.2/tck/target/apidocs/org/objenesis/tck/candidates/class-use/SerializableReplacer.html...
Generating /builddir/build/BUILD/objenesis-1.2/tck/target/apidocs/org/objenesis/tck/candidates/class-use/SerializableResolver.html...
Generating /builddir/build/BUILD/objenesis-1.2/tck/target/apidocs/org/objenesis/tck/candidates/class-use/ConstructorThrowingException.html...
Generating /builddir/build/BUILD/objenesis-1.2/tck/target/apidocs/org/objenesis/tck/package-use.html...
Generating /builddir/build/BUILD/objenesis-1.2/tck/target/apidocs/org/objenesis/tck/candidates/package-use.html...
Building index for all the packages and classes...
Generating /builddir/build/BUILD/objenesis-1.2/tck/target/apidocs/overview-tree.html...
Generating /builddir/build/BUILD/objenesis-1.2/tck/target/apidocs/index-all.html...
Generating /builddir/build/BUILD/objenesis-1.2/tck/target/apidocs/deprecated-list.html...
Building index for all classes...
Generating /builddir/build/BUILD/objenesis-1.2/tck/target/apidocs/allclasses-frame.html...
Generating /builddir/build/BUILD/objenesis-1.2/tck/target/apidocs/allclasses-noframe.html...
Generating /builddir/build/BUILD/objenesis-1.2/tck/target/apidocs/index.html...
Generating /builddir/build/BUILD/objenesis-1.2/tck/target/apidocs/overview-summary.html...
Generating /builddir/build/BUILD/objenesis-1.2/tck/target/apidocs/help-doc.html...
[INFO] Building jar: /builddir/build/BUILD/objenesis-1.2/tck/target/objenesis-tck-1.2-javadoc.jar
[INFO] 
[INFO] --- maven-license-plugin:1.8.0:check (check) @ objenesis-tck ---
[INFO] Checking licenses...
[WARNING] Property 'strictChecking' is not enabled. Please consider adding <strictChecking>true</strictChecking> in your pom.xml file.
[WARNING] See http://code.google.com/p/maven-license-plugin/wiki/Configuration for more information.
[INFO] 
[INFO] --- maven-install-plugin:2.4:install (default-install) @ objenesis-tck ---
[INFO] Installing /builddir/build/BUILD/objenesis-1.2/tck/target/objenesis-tck-1.2.jar to /builddir/build/BUILD/objenesis-1.2/.m2/org/objenesis/objenesis-tck/1.2/objenesis-tck-1.2.jar
[INFO] Installing /builddir/build/BUILD/objenesis-1.2/tck/dependency-reduced-pom.xml to /builddir/build/BUILD/objenesis-1.2/.m2/org/objenesis/objenesis-tck/1.2/objenesis-tck-1.2.pom
[INFO] Installing /builddir/build/BUILD/objenesis-1.2/tck/target/objenesis-tck-1.2-sources.jar to /builddir/build/BUILD/objenesis-1.2/.m2/org/objenesis/objenesis-tck/1.2/objenesis-tck-1.2-sources.jar
[INFO] Installing /builddir/build/BUILD/objenesis-1.2/tck/target/objenesis-tck-1.2-javadoc.jar to /builddir/build/BUILD/objenesis-1.2/.m2/org/objenesis/objenesis-tck/1.2/objenesis-tck-1.2-javadoc.jar
[INFO] 
[INFO] >>> maven-javadoc-plugin:2.9:javadoc (default-cli) @ objenesis-tck >>>
[INFO] 
[INFO] --- maven-timestamp-plugin:1.1-SNAPSHOT:create (year) @ objenesis-tck ---
[INFO] 
[INFO] <<< maven-javadoc-plugin:2.9:javadoc (default-cli) @ objenesis-tck <<<
[INFO] 
[INFO] --- maven-javadoc-plugin:2.9:javadoc (default-cli) @ objenesis-tck ---
[WARNING] Source files encoding has not been set, using platform encoding ANSI_X3.4-1968, i.e. build is platform dependent!
[INFO] 
Loading source files for package org.objenesis.tck...
Loading source files for package org.objenesis.tck.candidates...
Constructing Javadoc information...
Standard Doclet version 1.7.0_51
Building tree for all the packages and classes...
Generating /builddir/build/BUILD/objenesis-1.2/tck/target/site/apidocs/org/objenesis/tck/CandidateLoader.html...
Generating /builddir/build/BUILD/objenesis-1.2/tck/target/site/apidocs/org/objenesis/tck/CandidateLoader.ErrorHandler.html...
Generating /builddir/build/BUILD/objenesis-1.2/tck/target/site/apidocs/org/objenesis/tck/CandidateLoader.LoggingErrorHandler.html...
Generating /builddir/build/BUILD/objenesis-1.2/tck/target/site/apidocs/org/objenesis/tck/Main.html...
Generating /builddir/build/BUILD/objenesis-1.2/tck/target/site/apidocs/org/objenesis/tck/Reporter.html...
Generating /builddir/build/BUILD/objenesis-1.2/tck/target/site/apidocs/org/objenesis/tck/TCK.html...
Generating /builddir/build/BUILD/objenesis-1.2/tck/target/site/apidocs/org/objenesis/tck/TextReporter.html...
Generating /builddir/build/BUILD/objenesis-1.2/tck/target/site/apidocs/org/objenesis/tck/candidates/ConstructorThrowingException.html...
Generating /builddir/build/BUILD/objenesis-1.2/tck/target/site/apidocs/org/objenesis/tck/candidates/ConstructorWithArguments.html...
Generating /builddir/build/BUILD/objenesis-1.2/tck/target/site/apidocs/org/objenesis/tck/candidates/ConstructorWithMandatoryArguments.html...
Generating /builddir/build/BUILD/objenesis-1.2/tck/target/site/apidocs/org/objenesis/tck/candidates/DefaultPackageConstructor.html...
Generating /builddir/build/BUILD/objenesis-1.2/tck/target/site/apidocs/org/objenesis/tck/candidates/DefaultPrivateConstructor.html...
Generating /builddir/build/BUILD/objenesis-1.2/tck/target/site/apidocs/org/objenesis/tck/candidates/DefaultProtectedConstructor.html...
Generating /builddir/build/BUILD/objenesis-1.2/tck/target/site/apidocs/org/objenesis/tck/candidates/DefaultPublicConstructor.html...
Generating /builddir/build/BUILD/objenesis-1.2/tck/target/site/apidocs/org/objenesis/tck/candidates/NoConstructor.html...
Generating /builddir/build/BUILD/objenesis-1.2/tck/target/site/apidocs/org/objenesis/tck/candidates/SerializableConstructorThrowingException.html...
Generating /builddir/build/BUILD/objenesis-1.2/tck/target/site/apidocs/org/objenesis/tck/candidates/SerializableConstructorWithArguments.html...
Generating /builddir/build/BUILD/objenesis-1.2/tck/target/site/apidocs/org/objenesis/tck/candidates/SerializableConstructorWithMandatoryArguments.html...
Generating /builddir/build/BUILD/objenesis-1.2/tck/target/site/apidocs/org/objenesis/tck/candidates/SerializableDefaultPackageConstructor.html...
Generating /builddir/build/BUILD/objenesis-1.2/tck/target/site/apidocs/org/objenesis/tck/candidates/SerializableDefaultPrivateConstructor.html...
Generating /builddir/build/BUILD/objenesis-1.2/tck/target/site/apidocs/org/objenesis/tck/candidates/SerializableDefaultProtectedConstructor.html...
Generating /builddir/build/BUILD/objenesis-1.2/tck/target/site/apidocs/org/objenesis/tck/candidates/SerializableDefaultPublicConstructor.html...
Generating /builddir/build/BUILD/objenesis-1.2/tck/target/site/apidocs/org/objenesis/tck/candidates/SerializableNoConstructor.html...
Generating /builddir/build/BUILD/objenesis-1.2/tck/target/site/apidocs/org/objenesis/tck/candidates/SerializableReplacer.html...
Generating /builddir/build/BUILD/objenesis-1.2/tck/target/site/apidocs/org/objenesis/tck/candidates/SerializableResolver.html...
Generating /builddir/build/BUILD/objenesis-1.2/tck/target/site/apidocs/org/objenesis/tck/candidates/SerializableWithAncestorThrowingException.html...
Generating /builddir/build/BUILD/objenesis-1.2/tck/target/site/apidocs/overview-frame.html...
Generating /builddir/build/BUILD/objenesis-1.2/tck/target/site/apidocs/org/objenesis/tck/package-frame.html...
Generating /builddir/build/BUILD/objenesis-1.2/tck/target/site/apidocs/org/objenesis/tck/package-summary.html...
Generating /builddir/build/BUILD/objenesis-1.2/tck/target/site/apidocs/org/objenesis/tck/package-tree.html...
Generating /builddir/build/BUILD/objenesis-1.2/tck/target/site/apidocs/org/objenesis/tck/candidates/package-frame.html...
Generating /builddir/build/BUILD/objenesis-1.2/tck/target/site/apidocs/org/objenesis/tck/candidates/package-summary.html...
Generating /builddir/build/BUILD/objenesis-1.2/tck/target/site/apidocs/org/objenesis/tck/candidates/package-tree.html...
Generating /builddir/build/BUILD/objenesis-1.2/tck/target/site/apidocs/constant-values.html...
Generating /builddir/build/BUILD/objenesis-1.2/tck/target/site/apidocs/serialized-form.html...
Generating /builddir/build/BUILD/objenesis-1.2/tck/target/site/apidocs/org/objenesis/tck/class-use/TextReporter.html...
Generating /builddir/build/BUILD/objenesis-1.2/tck/target/site/apidocs/org/objenesis/tck/class-use/CandidateLoader.html...
Generating /builddir/build/BUILD/objenesis-1.2/tck/target/site/apidocs/org/objenesis/tck/class-use/CandidateLoader.ErrorHandler.html...
Generating /builddir/build/BUILD/objenesis-1.2/tck/target/site/apidocs/org/objenesis/tck/class-use/CandidateLoader.LoggingErrorHandler.html...
Generating /builddir/build/BUILD/objenesis-1.2/tck/target/site/apidocs/org/objenesis/tck/class-use/TCK.html...
Generating /builddir/build/BUILD/objenesis-1.2/tck/target/site/apidocs/org/objenesis/tck/class-use/Reporter.html...
Generating /builddir/build/BUILD/objenesis-1.2/tck/target/site/apidocs/org/objenesis/tck/class-use/Main.html...
Generating /builddir/build/BUILD/objenesis-1.2/tck/target/site/apidocs/org/objenesis/tck/candidates/class-use/SerializableDefaultPackageConstructor.html...
Generating /builddir/build/BUILD/objenesis-1.2/tck/target/site/apidocs/org/objenesis/tck/candidates/class-use/SerializableNoConstructor.html...
Generating /builddir/build/BUILD/objenesis-1.2/tck/target/site/apidocs/org/objenesis/tck/candidates/class-use/DefaultPrivateConstructor.html...
Generating /builddir/build/BUILD/objenesis-1.2/tck/target/site/apidocs/org/objenesis/tck/candidates/class-use/DefaultPublicConstructor.html...
Generating /builddir/build/BUILD/objenesis-1.2/tck/target/site/apidocs/org/objenesis/tck/candidates/class-use/SerializableWithAncestorThrowingException.html...
Generating /builddir/build/BUILD/objenesis-1.2/tck/target/site/apidocs/org/objenesis/tck/candidates/class-use/SerializableConstructorThrowingException.html...
Generating /builddir/build/BUILD/objenesis-1.2/tck/target/site/apidocs/org/objenesis/tck/candidates/class-use/SerializableConstructorWithArguments.html...
Generating /builddir/build/BUILD/objenesis-1.2/tck/target/site/apidocs/org/objenesis/tck/candidates/class-use/ConstructorWithMandatoryArguments.html...
Generating /builddir/build/BUILD/objenesis-1.2/tck/target/site/apidocs/org/objenesis/tck/candidates/class-use/SerializableDefaultProtectedConstructor.html...
Generating /builddir/build/BUILD/objenesis-1.2/tck/target/site/apidocs/org/objenesis/tck/candidates/class-use/ConstructorWithArguments.html...
Generating /builddir/build/BUILD/objenesis-1.2/tck/target/site/apidocs/org/objenesis/tck/candidates/class-use/DefaultProtectedConstructor.html...
Generating /builddir/build/BUILD/objenesis-1.2/tck/target/site/apidocs/org/objenesis/tck/candidates/class-use/SerializableDefaultPublicConstructor.html...
Generating /builddir/build/BUILD/objenesis-1.2/tck/target/site/apidocs/org/objenesis/tck/candidates/class-use/SerializableConstructorWithMandatoryArguments.html...
Generating /builddir/build/BUILD/objenesis-1.2/tck/target/site/apidocs/org/objenesis/tck/candidates/class-use/SerializableDefaultPrivateConstructor.html...
Generating /builddir/build/BUILD/objenesis-1.2/tck/target/site/apidocs/org/objenesis/tck/candidates/class-use/NoConstructor.html...
Generating /builddir/build/BUILD/objenesis-1.2/tck/target/site/apidocs/org/objenesis/tck/candidates/class-use/DefaultPackageConstructor.html...
Generating /builddir/build/BUILD/objenesis-1.2/tck/target/site/apidocs/org/objenesis/tck/candidates/class-use/SerializableReplacer.html...
Generating /builddir/build/BUILD/objenesis-1.2/tck/target/site/apidocs/org/objenesis/tck/candidates/class-use/SerializableResolver.html...
Generating /builddir/build/BUILD/objenesis-1.2/tck/target/site/apidocs/org/objenesis/tck/candidates/class-use/ConstructorThrowingException.html...
Generating /builddir/build/BUILD/objenesis-1.2/tck/target/site/apidocs/org/objenesis/tck/package-use.html...
Generating /builddir/build/BUILD/objenesis-1.2/tck/target/site/apidocs/org/objenesis/tck/candidates/package-use.html...
Building index for all the packages and classes...
Generating /builddir/build/BUILD/objenesis-1.2/tck/target/site/apidocs/overview-tree.html...
Generating /builddir/build/BUILD/objenesis-1.2/tck/target/site/apidocs/index-all.html...
Generating /builddir/build/BUILD/objenesis-1.2/tck/target/site/apidocs/deprecated-list.html...
Building index for all classes...
Generating /builddir/build/BUILD/objenesis-1.2/tck/target/site/apidocs/allclasses-frame.html...
Generating /builddir/build/BUILD/objenesis-1.2/tck/target/site/apidocs/allclasses-noframe.html...
Generating /builddir/build/BUILD/objenesis-1.2/tck/target/site/apidocs/index.html...
Generating /builddir/build/BUILD/objenesis-1.2/tck/target/site/apidocs/overview-summary.html...
Generating /builddir/build/BUILD/objenesis-1.2/tck/target/site/apidocs/help-doc.html...
[INFO] ------------------------------------------------------------------------
[INFO] Reactor Summary:
[INFO] 
[INFO] Objenesis parent project .......................... SUCCESS [0.956s]
[INFO] Objenesis ......................................... SUCCESS [4.743s]
[INFO] Objenesis TCK ..................................... SUCCESS [2.883s]
[INFO] ------------------------------------------------------------------------
[INFO] BUILD SUCCESS
[INFO] ------------------------------------------------------------------------
[INFO] Total time: 9.022s
[INFO] Finished at: Sat Aug 09 22:41:17 UTC 2014
[INFO] Final Memory: 23M/721M
[INFO] ------------------------------------------------------------------------
+ exit 0
Executing(%install): /bin/sh -e /var/tmp/rpm-tmp.XIZ7CN
+ umask 022
+ cd /builddir/build/BUILD
+ '[' /builddir/build/BUILDROOT/objenesis-1.2-13.el7.centos.noarch '!=' / ']'
+ rm -rf /builddir/build/BUILDROOT/objenesis-1.2-13.el7.centos.noarch
++ dirname /builddir/build/BUILDROOT/objenesis-1.2-13.el7.centos.noarch
+ mkdir -p /builddir/build/BUILDROOT
+ mkdir /builddir/build/BUILDROOT/objenesis-1.2-13.el7.centos.noarch
+ cd objenesis-1.2
+ install -Dp -m 644 pom.xml /builddir/build/BUILDROOT/objenesis-1.2-13.el7.centos.noarch/usr/share/maven-poms/JPP-objenesis-parent.pom
+ set -e
+ _pompart=JPP-objenesis-parent.pom
+ _jarpart=%2
+ _filelist=.mfiles
+ install -dm 755 /builddir/build/BUILDROOT/objenesis-1.2-13.el7.centos.noarch/usr/share/maven-fragments
+ for _dir in /usr/lib/java '%{_javajnidir}' /usr/share/java
+ '[' -f /builddir/build/BUILDROOT/objenesis-1.2-13.el7.centos.noarch/usr/lib/java/%2 ']'
+ for _dir in /usr/lib/java '%{_javajnidir}' /usr/share/java
+ '[' -f '/builddir/build/BUILDROOT/objenesis-1.2-13.el7.centos.noarch%{_javajnidir}/%2' ']'
+ for _dir in /usr/lib/java '%{_javajnidir}' /usr/share/java
+ '[' -f /builddir/build/BUILDROOT/objenesis-1.2-13.el7.centos.noarch/usr/share/java/%2 ']'
+ python -m /usr/share/java-utils/maven_depmap -p /usr -n '' /builddir/build/BUILDROOT/objenesis-1.2-13.el7.centos.noarch/usr/share/maven-fragments/objenesis /builddir/build/BUILDROOT/objenesis-1.2-13.el7.centos.noarch/usr/share/maven-poms/JPP-objenesis-parent.pom
+ sed -i s:/builddir/build/BUILDROOT/objenesis-1.2-13.el7.centos.noarch:: .mfiles
+ sort -u -o .mfiles .mfiles
+ install -Dp -m 644 main/target/objenesis-1.2.jar /builddir/build/BUILDROOT/objenesis-1.2-13.el7.centos.noarch/usr/share/java/objenesis.jar
+ install -Dp -m 644 main/pom.xml /builddir/build/BUILDROOT/objenesis-1.2-13.el7.centos.noarch/usr/share/maven-poms/JPP-objenesis.pom
+ set -e
+ _pompart=JPP-objenesis.pom
+ _jarpart=objenesis.jar
+ _filelist=.mfiles
+ install -dm 755 /builddir/build/BUILDROOT/objenesis-1.2-13.el7.centos.noarch/usr/share/maven-fragments
+ for _dir in /usr/lib/java '%{_javajnidir}' /usr/share/java
+ '[' -f /builddir/build/BUILDROOT/objenesis-1.2-13.el7.centos.noarch/usr/lib/java/objenesis.jar ']'
+ for _dir in /usr/lib/java '%{_javajnidir}' /usr/share/java
+ '[' -f '/builddir/build/BUILDROOT/objenesis-1.2-13.el7.centos.noarch%{_javajnidir}/objenesis.jar' ']'
+ for _dir in /usr/lib/java '%{_javajnidir}' /usr/share/java
+ '[' -f /builddir/build/BUILDROOT/objenesis-1.2-13.el7.centos.noarch/usr/share/java/objenesis.jar ']'
+ _jpath=/builddir/build/BUILDROOT/objenesis-1.2-13.el7.centos.noarch/usr/share/java/objenesis.jar
+ python -m /usr/share/java-utils/maven_depmap -p /usr -n '' /builddir/build/BUILDROOT/objenesis-1.2-13.el7.centos.noarch/usr/share/maven-fragments/objenesis /builddir/build/BUILDROOT/objenesis-1.2-13.el7.centos.noarch/usr/share/maven-poms/JPP-objenesis.pom /builddir/build/BUILDROOT/objenesis-1.2-13.el7.centos.noarch/usr/share/java/objenesis.jar
+ sed -i s:/builddir/build/BUILDROOT/objenesis-1.2-13.el7.centos.noarch:: .mfiles
+ sort -u -o .mfiles .mfiles
+ install -Dp -m 644 tck/target/objenesis-tck-1.2.jar /builddir/build/BUILDROOT/objenesis-1.2-13.el7.centos.noarch/usr/share/java/objenesis-tck.jar
+ install -Dp -m 644 tck/pom.xml /builddir/build/BUILDROOT/objenesis-1.2-13.el7.centos.noarch/usr/share/maven-poms/JPP-objenesis-tck.pom
+ set -e
+ _pompart=JPP-objenesis-tck.pom
+ _jarpart=objenesis-tck.jar
+ _filelist=.mfiles
+ install -dm 755 /builddir/build/BUILDROOT/objenesis-1.2-13.el7.centos.noarch/usr/share/maven-fragments
+ for _dir in /usr/lib/java '%{_javajnidir}' /usr/share/java
+ '[' -f /builddir/build/BUILDROOT/objenesis-1.2-13.el7.centos.noarch/usr/lib/java/objenesis-tck.jar ']'
+ for _dir in /usr/lib/java '%{_javajnidir}' /usr/share/java
+ '[' -f '/builddir/build/BUILDROOT/objenesis-1.2-13.el7.centos.noarch%{_javajnidir}/objenesis-tck.jar' ']'
+ for _dir in /usr/lib/java '%{_javajnidir}' /usr/share/java
+ '[' -f /builddir/build/BUILDROOT/objenesis-1.2-13.el7.centos.noarch/usr/share/java/objenesis-tck.jar ']'
+ _jpath=/builddir/build/BUILDROOT/objenesis-1.2-13.el7.centos.noarch/usr/share/java/objenesis-tck.jar
+ python -m /usr/share/java-utils/maven_depmap -p /usr -n '' /builddir/build/BUILDROOT/objenesis-1.2-13.el7.centos.noarch/usr/share/maven-fragments/objenesis /builddir/build/BUILDROOT/objenesis-1.2-13.el7.centos.noarch/usr/share/maven-poms/JPP-objenesis-tck.pom /builddir/build/BUILDROOT/objenesis-1.2-13.el7.centos.noarch/usr/share/java/objenesis-tck.jar
+ sed -i s:/builddir/build/BUILDROOT/objenesis-1.2-13.el7.centos.noarch:: .mfiles
+ sort -u -o .mfiles .mfiles
+ install -d -m 0755 /builddir/build/BUILDROOT/objenesis-1.2-13.el7.centos.noarch/usr/share/javadoc/objenesis/main
+ cp -pr main/target/site/apidocs/allclasses-frame.html main/target/site/apidocs/allclasses-noframe.html main/target/site/apidocs/constant-values.html main/target/site/apidocs/deprecated-list.html main/target/site/apidocs/help-doc.html main/target/site/apidocs/index-all.html main/target/site/apidocs/index.html main/target/site/apidocs/org main/target/site/apidocs/overview-frame.html main/target/site/apidocs/overview-summary.html main/target/site/apidocs/overview-tree.html main/target/site/apidocs/package-list main/target/site/apidocs/resources main/target/site/apidocs/serialized-form.html main/target/site/apidocs/stylesheet.css /builddir/build/BUILDROOT/objenesis-1.2-13.el7.centos.noarch/usr/share/javadoc/objenesis/main
+ install -d -m 0755 /builddir/build/BUILDROOT/objenesis-1.2-13.el7.centos.noarch/usr/share/javadoc/objenesis/tck
+ cp -pr tck/target/site/apidocs/allclasses-frame.html tck/target/site/apidocs/allclasses-noframe.html tck/target/site/apidocs/constant-values.html tck/target/site/apidocs/deprecated-list.html tck/target/site/apidocs/help-doc.html tck/target/site/apidocs/index-all.html tck/target/site/apidocs/index.html tck/target/site/apidocs/org tck/target/site/apidocs/overview-frame.html tck/target/site/apidocs/overview-summary.html tck/target/site/apidocs/overview-tree.html tck/target/site/apidocs/package-list tck/target/site/apidocs/resources tck/target/site/apidocs/serialized-form.html tck/target/site/apidocs/stylesheet.css /builddir/build/BUILDROOT/objenesis-1.2-13.el7.centos.noarch/usr/share/javadoc/objenesis/tck
+ /usr/lib/rpm/find-debuginfo.sh --strict-build-id -m --run-dwz --dwz-low-mem-die-limit 10000000 --dwz-max-die-limit 50000000 /builddir/build/BUILD/objenesis-1.2
/usr/lib/rpm/sepdebugcrcfix: Updated 0 CRC32s, 0 CRC32s did match.
+ /usr/lib/rpm/check-buildroot
+ /usr/lib/rpm/redhat/brp-compress
+ /usr/lib/rpm/redhat/brp-strip-static-archive /usr/bin/strip
+ /usr/lib/rpm/brp-python-bytecompile /usr/bin/python 1
+ /usr/lib/rpm/redhat/brp-python-hardlink
+ /usr/lib/rpm/redhat/brp-java-repack-jars
Processing files: objenesis-1.2-13.el7.centos.noarch
Executing(%doc): /bin/sh -e /var/tmp/rpm-tmp.S92dOH
+ umask 022
+ cd /builddir/build/BUILD
+ cd objenesis-1.2
+ DOCDIR=/builddir/build/BUILDROOT/objenesis-1.2-13.el7.centos.noarch/usr/share/doc/objenesis-1.2
+ export DOCDIR
+ /usr/bin/mkdir -p /builddir/build/BUILDROOT/objenesis-1.2-13.el7.centos.noarch/usr/share/doc/objenesis-1.2
+ cp -pr LICENSE.txt /builddir/build/BUILDROOT/objenesis-1.2-13.el7.centos.noarch/usr/share/doc/objenesis-1.2
+ exit 0
Provides: mvn(org.objenesis:objenesis) = 1.2 mvn(org.objenesis:objenesis-parent) = 1.2 mvn(org.objenesis:objenesis-parent:pom:) = 1.2 mvn(org.objenesis:objenesis-tck) = 1.2 objenesis = 1.2-13.el7.centos osgi(org.objenesis) = 1.2.0
Requires(rpmlib): rpmlib(CompressedFileNames) <= 3.0.4-1 rpmlib(FileDigests) <= 4.6.0-1 rpmlib(PayloadFilesHavePrefix) <= 4.0-1
Requires: jpackage-utils
Processing files: objenesis-javadoc-1.2-13.el7.centos.noarch
Executing(%doc): /bin/sh -e /var/tmp/rpm-tmp.aoO5BC
+ umask 022
+ cd /builddir/build/BUILD
+ cd objenesis-1.2
+ DOCDIR=/builddir/build/BUILDROOT/objenesis-1.2-13.el7.centos.noarch/usr/share/doc/objenesis-javadoc-1.2
+ export DOCDIR
+ /usr/bin/mkdir -p /builddir/build/BUILDROOT/objenesis-1.2-13.el7.centos.noarch/usr/share/doc/objenesis-javadoc-1.2
+ cp -pr LICENSE.txt /builddir/build/BUILDROOT/objenesis-1.2-13.el7.centos.noarch/usr/share/doc/objenesis-javadoc-1.2
+ exit 0
Provides: objenesis-javadoc = 1.2-13.el7.centos
Requires(rpmlib): rpmlib(CompressedFileNames) <= 3.0.4-1 rpmlib(FileDigests) <= 4.6.0-1 rpmlib(PayloadFilesHavePrefix) <= 4.0-1
Requires: jpackage-utils
Checking for unpackaged file(s): /usr/lib/rpm/check-files /builddir/build/BUILDROOT/objenesis-1.2-13.el7.centos.noarch
Wrote: /builddir/build/RPMS/objenesis-1.2-13.el7.centos.noarch.rpm
Wrote: /builddir/build/RPMS/objenesis-javadoc-1.2-13.el7.centos.noarch.rpm
Executing(%clean): /bin/sh -e /var/tmp/rpm-tmp.XQ4VbA
+ umask 022
+ cd /builddir/build/BUILD
+ cd objenesis-1.2
+ /usr/bin/rm -rf /builddir/build/BUILDROOT/objenesis-1.2-13.el7.centos.noarch
+ exit 0
Child return code was: 0
LEAVE do --> 

