2014-08-09 17:26:41,071 - Mock Version: 1.1.41
2014-08-09 17:26:41,082 - Start: device setup
2014-08-09 17:26:41,084 - Finish: device setup
2014-08-09 17:26:41,085 - Start: yum update
2014-08-09 17:27:45,364 - Finish: yum update
2014-08-09 17:27:47,056 - Finish: lock buildroot
2014-08-09 17:27:47,056 - Finish: chroot init
2014-08-09 17:27:47,127 - Finish: run
2014-08-09 17:27:50,203 - Mock Version: 1.1.41
2014-08-09 17:27:50,214 - Start: device setup
2014-08-09 17:27:50,289 - Finish: device setup
2014-08-09 17:27:50,289 - Start: yum update
2014-08-09 17:27:50,299 - Finish: yum update
2014-08-09 17:27:50,910 - Finish: lock buildroot
2014-08-09 17:27:50,910 - Finish: chroot init
2014-08-09 17:27:50,981 - Start: build phase for antlr-2.7.7-25.el7.centos.src.rpm
2014-08-09 17:27:50,981 - Start: device setup
2014-08-09 17:27:51,009 - Finish: device setup
2014-08-09 17:27:51,021 - Start: build setup for antlr-2.7.7-25.el7.centos.src.rpm
2014-08-09 17:28:35,882 - Finish: build setup for antlr-2.7.7-25.el7.centos.src.rpm
2014-08-09 17:28:35,882 - Start: rpmbuild -bb antlr-2.7.7-25.el7.centos.src.rpm
2014-08-09 17:29:15,783 - Finish: rpmbuild -bb antlr-2.7.7-25.el7.centos.src.rpm
2014-08-09 17:29:15,798 - Finish: build phase for antlr-2.7.7-25.el7.centos.src.rpm
2014-08-09 17:29:15,799 - Finish: run
